2022-06-20 09:26:42,698 INFO autoreload: Watching for file changes with StatReloader
2022-06-20 09:28:06,430 INFO autoreload: Watching for file changes with StatReloader
2022-06-20 09:41:44,159 INFO autoreload: Watching for file changes with StatReloader
2022-06-20 09:44:32,088 INFO autoreload: Watching for file changes with StatReloader
2022-06-20 09:48:47,110 INFO autoreload: C:\Python39\Lib\site-packages\widget_tweaks\templatetags\__init__.py changed, reloading.
2022-06-20 09:48:50,338 INFO autoreload: Watching for file changes with StatReloader
2022-06-20 10:06:11,991 INFO autoreload: Watching for file changes with StatReloader
2022-06-20 10:08:48,531 INFO autoreload: C:\Python39\Lib\site-packages\asgiref\sync.py changed, reloading.
2022-06-20 10:19:43,114 INFO autoreload: Watching for file changes with StatReloader
2022-06-20 10:19:52,995 INFO basehttp: "GET / HTTP/1.1" 200 7256
2022-06-20 10:19:53,497 INFO basehttp: "GET /static/css/styles.css HTTP/1.1" 200 1055
2022-06-20 10:19:55,038 INFO basehttp: "GET /static/js/confetti.js HTTP/1.1" 200 7222
2022-06-20 10:19:55,051 INFO basehttp: "GET /static/img/logo.png HTTP/1.1" 200 14351
2022-06-20 10:19:55,069 INFO basehttp: "GET /static/js/script.js HTTP/1.1" 200 4777
2022-06-20 10:19:56,228 INFO basehttp: "GET /static/media/roulette.mp3 HTTP/1.1" 200 95433
2022-06-20 10:19:56,297 INFO basehttp: "GET /static/img/favicon.ico/android-icon-192x192.png HTTP/1.1" 200 17042
2022-06-20 10:19:56,330 INFO basehttp: "GET /static/img/wheel.png HTTP/1.1" 200 407425
2022-06-20 10:19:56,356 INFO basehttp: "GET /static/img/outwheel.png HTTP/1.1" 200 440976
2022-06-20 10:19:59,384 INFO basehttp: "GET /static/img/favicon.ico/favicon-32x32.png HTTP/1.1" 200 2438
2022-06-20 10:22:14,957 INFO views: Draw_new with POST
2022-06-20 10:22:15,013 ERROR draw: UniqueCode matching query does not exist.
2022-06-20 10:22:15,014 WARNING views: invalid form else => False
2022-06-20 10:22:15,015 WARNING views: invalid form else => <ul class="errorlist"><li>code<ul class="errorlist"><li>Invalid or expired code!</li></ul></li></ul>
2022-06-20 10:22:15,024 ERROR draw: UniqueCode matching query does not exist.
2022-06-20 10:22:15,027 INFO basehttp: "POST /draw HTTP/1.1" 200 7416
2022-06-20 10:22:29,746 INFO views: Draw_new with POST
2022-06-20 10:22:29,751 ERROR draw: UniqueCode matching query does not exist.
2022-06-20 10:22:29,752 WARNING views: invalid form else => False
2022-06-20 10:22:29,753 WARNING views: invalid form else => <ul class="errorlist"><li>code<ul class="errorlist"><li>Invalid or expired code!</li></ul></li></ul>
2022-06-20 10:22:29,761 ERROR draw: UniqueCode matching query does not exist.
2022-06-20 10:22:29,764 INFO basehttp: "POST /draw HTTP/1.1" 200 7412
2022-06-20 10:24:32,607 INFO basehttp: "GET / HTTP/1.1" 200 7256
2022-06-20 10:24:32,767 INFO basehttp: "GET /static/css/styles.css HTTP/1.1" 200 1055
2022-06-20 10:24:35,391 INFO basehttp: "GET /static/js/script.js HTTP/1.1" 200 4777
2022-06-20 10:24:35,391 INFO basehttp: "GET /static/img/logo.png HTTP/1.1" 200 14351
2022-06-20 10:24:35,392 INFO basehttp: "GET /static/js/confetti.js HTTP/1.1" 200 7222
2022-06-20 10:24:35,833 INFO basehttp: "GET /static/img/wheel.png HTTP/1.1" 200 407425
2022-06-20 10:24:35,835 INFO basehttp: "GET /static/img/outwheel.png HTTP/1.1" 200 440976
2022-06-20 10:24:35,869 INFO basehttp: "GET /static/media/roulette.mp3 HTTP/1.1" 200 95433
2022-06-20 10:24:35,874 INFO basehttp: "GET /static/img/favicon.ico/android-icon-192x192.png HTTP/1.1" 200 17042
2022-06-20 10:24:39,852 INFO basehttp: "GET /static/img/favicon.ico/favicon-32x32.png HTTP/1.1" 200 2438
2022-06-20 10:25:10,483 INFO basehttp: "GET / HTTP/1.1" 200 7256
2022-06-20 10:26:35,427 INFO views: Draw_new with POST
2022-06-20 10:26:35,430 ERROR draw: UniqueCode matching query does not exist.
2022-06-20 10:26:35,431 WARNING views: invalid form else => False
2022-06-20 10:26:35,431 WARNING views: invalid form else => <ul class="errorlist"><li>code<ul class="errorlist"><li>Invalid or expired code!</li></ul></li></ul>
2022-06-20 10:26:35,438 ERROR draw: UniqueCode matching query does not exist.
2022-06-20 10:26:35,443 INFO basehttp: "POST /draw HTTP/1.1" 200 7416
2022-06-20 10:27:02,511 INFO basehttp: "GET /admin HTTP/1.1" 301 0
2022-06-20 10:27:02,565 INFO basehttp: "GET /admin/ HTTP/1.1" 302 0
2022-06-20 10:27:02,682 INFO basehttp: "GET /admin/login/?next=/admin/ HTTP/1.1" 200 2194
2022-06-20 10:27:02,772 INFO basehttp: "GET /static/admin/css/login.css HTTP/1.1" 200 1185
2022-06-20 10:27:02,773 INFO basehttp: "GET /static/admin/css/nav_sidebar.css HTTP/1.1" 200 1789
2022-06-20 10:27:02,774 INFO basehttp: "GET /static/admin/css/base.css HTTP/1.1" 200 16307
2022-06-20 10:27:02,793 INFO basehttp: "GET /static/admin/css/responsive.css HTTP/1.1" 200 18617
2022-06-20 10:27:02,912 INFO basehttp: "GET /static/admin/css/fonts.css HTTP/1.1" 200 423
2022-06-20 10:27:02,940 INFO basehttp: "GET /static/admin/js/nav_sidebar.js HTTP/1.1" 200 1360
2022-06-20 10:27:03,106 INFO basehttp: "GET /static/admin/fonts/Roboto-Light-webfont.woff HTTP/1.1" 200 85692
2022-06-20 10:27:03,108 INFO basehttp: "GET /static/admin/fonts/Roboto-Regular-webfont.woff HTTP/1.1" 200 85876
2022-06-20 10:27:03,850 WARNING log: Not Found: /favicon.ico
2022-06-20 10:27:03,851 WARNING basehttp: "GET /favicon.ico HTTP/1.1" 404 2481
2022-06-20 10:27:15,030 INFO basehttp: "POST /admin/login/?next=/admin/ HTTP/1.1" 302 0
2022-06-20 10:27:15,108 INFO basehttp: "GET /admin/ HTTP/1.1" 200 4766
2022-06-20 10:27:15,167 INFO basehttp: "GET /static/admin/css/dashboard.css HTTP/1.1" 200 380
2022-06-20 10:27:15,293 INFO basehttp: "GET /static/admin/img/icon-addlink.svg HTTP/1.1" 200 331
2022-06-20 10:27:15,293 INFO basehttp: "GET /static/admin/img/icon-changelink.svg HTTP/1.1" 200 380
2022-06-20 10:27:15,367 INFO basehttp: "GET /static/admin/fonts/Roboto-Bold-webfont.woff HTTP/1.1" 200 86184
2022-06-20 10:27:20,176 INFO basehttp: "GET /admin/app/prize/ HTTP/1.1" 200 13417
2022-06-20 10:27:20,264 INFO basehttp: "GET /admin/jsi18n/ HTTP/1.1" 200 3187
2022-06-20 10:27:20,267 INFO basehttp: "GET /static/admin/css/changelists.css HTTP/1.1" 200 6284
2022-06-20 10:27:20,312 INFO basehttp: "GET /static/admin/js/jquery.init.js HTTP/1.1" 200 347
2022-06-20 10:27:20,334 INFO basehttp: "GET /static/admin/js/core.js HTTP/1.1" 200 5418
2022-06-20 10:27:20,347 INFO basehttp: "GET /static/admin/js/vendor/jquery/jquery.js HTTP/1.1" 200 287630
2022-06-20 10:27:20,347 INFO basehttp: "GET /static/admin/js/actions.js HTTP/1.1" 200 6783
2022-06-20 10:27:20,362 INFO basehttp: "GET /static/admin/js/admin/RelatedObjectLookups.js HTTP/1.1" 200 6078
2022-06-20 10:27:20,377 INFO basehttp: "GET /static/admin/js/urlify.js HTTP/1.1" 200 8632
2022-06-20 10:27:20,425 INFO basehttp: "GET /static/admin/js/prepopulate.js HTTP/1.1" 200 1531
2022-06-20 10:27:20,559 INFO basehttp: "GET /static/admin/js/vendor/xregexp/xregexp.js HTTP/1.1" 200 232381
2022-06-20 10:27:20,608 INFO basehttp: "GET /static/admin/img/icon-no.svg HTTP/1.1" 200 560
2022-06-20 10:27:20,647 INFO basehttp: "GET /static/admin/img/icon-yes.svg HTTP/1.1" 200 436
2022-06-20 10:27:20,692 INFO basehttp: "GET /static/admin/img/tooltag-add.svg HTTP/1.1" 200 331
2022-06-20 10:27:22,211 INFO basehttp: "GET /admin/app/uniquecode/ HTTP/1.1" 200 6657
2022-06-20 10:27:22,312 INFO basehttp: "GET /admin/jsi18n/ HTTP/1.1" 200 3187
2022-06-20 10:27:24,343 INFO basehttp: "GET /admin/app/uniquecode/add/ HTTP/1.1" 200 8136
2022-06-20 10:27:24,443 INFO basehttp: "GET /admin/jsi18n/ HTTP/1.1" 200 3187
2022-06-20 10:27:24,453 INFO basehttp: "GET /static/admin/css/forms.css HTTP/1.1" 200 8399
2022-06-20 10:27:24,508 INFO basehttp: "GET /static/admin/js/prepopulate_init.js HTTP/1.1" 200 492
2022-06-20 10:27:24,508 INFO basehttp: "GET /static/admin/css/widgets.css HTTP/1.1" 200 10592
2022-06-20 10:27:24,526 INFO basehttp: "GET /static/admin/js/change_form.js HTTP/1.1" 200 606
2022-06-20 10:27:31,566 INFO basehttp: "GET /admin/app/draw/ HTTP/1.1" 200 7449
2022-06-20 10:27:31,666 INFO basehttp: "GET /admin/jsi18n/ HTTP/1.1" 200 3187
2022-06-20 10:27:31,733 INFO basehttp: "GET /static/admin/img/search.svg HTTP/1.1" 200 458
2022-06-20 10:27:33,848 INFO basehttp: "GET /admin/app/uniquecode/ HTTP/1.1" 200 6657
2022-06-20 10:27:33,932 INFO basehttp: "GET /admin/jsi18n/ HTTP/1.1" 200 3187
2022-06-20 10:27:38,328 INFO basehttp: "GET /admin/app/uniquecode/add/ HTTP/1.1" 200 8136
2022-06-20 10:27:38,428 INFO basehttp: "GET /admin/jsi18n/ HTTP/1.1" 200 3187
2022-06-20 10:27:51,427 INFO basehttp: "GET /admin/app/prize/add/?_to_field=id&_popup=1 HTTP/1.1" 200 3684
2022-06-20 10:27:51,501 INFO basehttp: "GET /admin/jsi18n/ HTTP/1.1" 200 3187
2022-06-20 10:27:57,797 INFO basehttp: "POST /admin/app/uniquecode/add/ HTTP/1.1" 302 0
2022-06-20 10:27:57,878 INFO basehttp: "GET /admin/app/uniquecode/1/change/ HTTP/1.1" 200 8594
2022-06-20 10:27:57,981 INFO basehttp: "GET /admin/jsi18n/ HTTP/1.1" 200 3187
2022-06-20 10:28:01,224 INFO basehttp: "GET /admin/app/uniquecode/ HTTP/1.1" 200 8626
2022-06-20 10:28:01,297 INFO basehttp: "GET /static/admin/css/base.css HTTP/1.1" 304 0
2022-06-20 10:28:01,302 INFO basehttp: "GET /static/admin/css/nav_sidebar.css HTTP/1.1" 304 0
2022-06-20 10:28:01,307 INFO basehttp: "GET /static/admin/css/responsive.css HTTP/1.1" 304 0
2022-06-20 10:28:01,316 INFO basehttp: "GET /admin/jsi18n/ HTTP/1.1" 200 3187
2022-06-20 10:28:01,396 INFO basehttp: "GET /static/admin/css/fonts.css HTTP/1.1" 304 0
2022-06-20 10:28:01,409 INFO basehttp: "GET /static/admin/js/nav_sidebar.js HTTP/1.1" 304 0
2022-06-20 10:28:01,458 INFO basehttp: "GET /static/admin/fonts/Roboto-Light-webfont.woff HTTP/1.1" 304 0
2022-06-20 10:28:01,462 INFO basehttp: "GET /static/admin/fonts/Roboto-Regular-webfont.woff HTTP/1.1" 304 0
2022-06-20 10:28:08,668 INFO views: Draw_new with POST
2022-06-20 10:28:08,820 INFO basehttp: "POST /draw HTTP/1.1" 200 6077
2022-06-20 10:28:18,079 INFO views: Draw with GET for id 1
2022-06-20 10:28:18,080 INFO views: Prize 1, 10% OFF, True
2022-06-20 10:28:18,088 INFO basehttp: "GET /1 HTTP/1.1" 200 6872
2022-06-20 10:28:34,690 INFO basehttp: "GET /admin/auth/user/ HTTP/1.1" 200 8845
2022-06-20 10:28:34,779 INFO basehttp: "GET /static/admin/css/changelists.css HTTP/1.1" 304 0
2022-06-20 10:28:34,785 INFO basehttp: "GET /static/admin/js/vendor/jquery/jquery.js HTTP/1.1" 304 0
2022-06-20 10:28:34,786 INFO basehttp: "GET /admin/jsi18n/ HTTP/1.1" 200 3187
2022-06-20 10:28:34,791 INFO basehttp: "GET /static/admin/js/jquery.init.js HTTP/1.1" 304 0
2022-06-20 10:28:34,793 INFO basehttp: "GET /static/admin/js/core.js HTTP/1.1" 304 0
2022-06-20 10:28:34,795 INFO basehttp: "GET /static/admin/js/admin/RelatedObjectLookups.js HTTP/1.1" 304 0
2022-06-20 10:28:34,799 INFO basehttp: "GET /static/admin/js/actions.js HTTP/1.1" 304 0
2022-06-20 10:28:34,802 INFO basehttp: "GET /static/admin/js/urlify.js HTTP/1.1" 304 0
2022-06-20 10:28:34,806 INFO basehttp: "GET /static/admin/js/prepopulate.js HTTP/1.1" 304 0
2022-06-20 10:28:34,808 INFO basehttp: "GET /static/admin/js/vendor/xregexp/xregexp.js HTTP/1.1" 304 0
2022-06-20 10:28:34,954 INFO basehttp: "GET /static/admin/img/search.svg HTTP/1.1" 304 0
2022-06-20 10:28:34,955 INFO basehttp: "GET /static/admin/img/icon-yes.svg HTTP/1.1" 304 0
2022-06-20 10:28:35,006 INFO basehttp: "GET /static/admin/img/icon-addlink.svg HTTP/1.1" 304 0
2022-06-20 10:28:35,006 INFO basehttp: "GET /static/admin/img/tooltag-add.svg HTTP/1.1" 304 0
2022-06-20 10:28:35,006 INFO basehttp: "GET /static/admin/fonts/Roboto-Bold-webfont.woff HTTP/1.1" 304 0
2022-06-20 10:28:35,042 INFO basehttp: "GET /static/admin/img/sorting-icons.svg HTTP/1.1" 200 1097
2022-06-20 10:28:36,436 INFO basehttp: "GET /admin/auth/group/ HTTP/1.1" 200 5740
2022-06-20 10:28:36,532 INFO basehttp: "GET /admin/jsi18n/ HTTP/1.1" 200 3187
2022-06-20 10:28:38,475 INFO basehttp: "GET /admin/app/prize/ HTTP/1.1" 200 13417
2022-06-20 10:28:38,549 INFO basehttp: "GET /admin/jsi18n/ HTTP/1.1" 200 3187
2022-06-20 10:28:38,623 INFO basehttp: "GET /static/admin/img/icon-no.svg HTTP/1.1" 304 0
2022-06-20 10:28:39,767 INFO basehttp: "GET /admin/app/draw/ HTTP/1.1" 200 9753
2022-06-20 10:28:39,847 INFO basehttp: "GET /admin/jsi18n/ HTTP/1.1" 200 3187
2022-06-20 10:28:51,522 INFO basehttp: "GET /admin/app/uniquecode/ HTTP/1.1" 200 8626
2022-06-20 10:28:51,629 INFO basehttp: "GET /admin/jsi18n/ HTTP/1.1" 200 3187
2022-06-20 10:28:59,649 INFO basehttp: "GET /admin/app/uniquecode/add/ HTTP/1.1" 200 8136
2022-06-20 10:28:59,756 INFO basehttp: "GET /static/admin/css/forms.css HTTP/1.1" 304 0
2022-06-20 10:28:59,770 INFO basehttp: "GET /admin/jsi18n/ HTTP/1.1" 200 3187
2022-06-20 10:28:59,876 INFO basehttp: "GET /static/admin/css/widgets.css HTTP/1.1" 304 0
2022-06-20 10:28:59,876 INFO basehttp: "GET /static/admin/js/prepopulate_init.js HTTP/1.1" 304 0
2022-06-20 10:28:59,893 INFO basehttp: "GET /static/admin/img/icon-changelink.svg HTTP/1.1" 304 0
2022-06-20 10:28:59,908 INFO basehttp: "GET /static/admin/js/change_form.js HTTP/1.1" 304 0
2022-06-20 10:29:09,244 INFO basehttp: "POST /admin/app/uniquecode/add/ HTTP/1.1" 302 0
2022-06-20 10:29:09,365 INFO basehttp: "GET /admin/app/uniquecode/add/ HTTP/1.1" 200 8395
2022-06-20 10:29:09,448 INFO basehttp: "GET /static/admin/css/base.css HTTP/1.1" 304 0
2022-06-20 10:29:09,455 INFO basehttp: "GET /static/admin/css/nav_sidebar.css HTTP/1.1" 304 0
2022-06-20 10:29:09,458 INFO basehttp: "GET /static/admin/css/responsive.css HTTP/1.1" 304 0
2022-06-20 10:29:09,461 INFO basehttp: "GET /admin/jsi18n/ HTTP/1.1" 200 3187
2022-06-20 10:29:09,527 INFO basehttp: "GET /static/admin/css/fonts.css HTTP/1.1" 304 0
2022-06-20 10:29:09,542 INFO basehttp: "GET /static/admin/js/nav_sidebar.js HTTP/1.1" 304 0
2022-06-20 10:29:09,591 INFO basehttp: "GET /static/admin/fonts/Roboto-Light-webfont.woff HTTP/1.1" 304 0
2022-06-20 10:29:09,591 INFO basehttp: "GET /static/admin/fonts/Roboto-Regular-webfont.woff HTTP/1.1" 304 0
2022-06-20 10:29:13,145 INFO basehttp: "POST /admin/app/uniquecode/add/ HTTP/1.1" 302 0
2022-06-20 10:29:13,227 INFO basehttp: "GET /admin/app/uniquecode/add/ HTTP/1.1" 200 8395
2022-06-20 10:29:13,313 INFO basehttp: "GET /admin/jsi18n/ HTTP/1.1" 200 3187
2022-06-20 10:29:16,570 INFO basehttp: "POST /admin/app/uniquecode/add/ HTTP/1.1" 302 0
2022-06-20 10:29:16,647 INFO basehttp: "GET /admin/app/uniquecode/add/ HTTP/1.1" 200 8395
2022-06-20 10:29:16,714 INFO basehttp: "GET /admin/jsi18n/ HTTP/1.1" 200 3187
2022-06-20 10:29:20,547 INFO basehttp: "POST /admin/app/uniquecode/add/ HTTP/1.1" 302 0
2022-06-20 10:29:20,654 INFO basehttp: "GET /admin/app/uniquecode/add/ HTTP/1.1" 200 8395
2022-06-20 10:29:20,735 INFO basehttp: "GET /admin/jsi18n/ HTTP/1.1" 200 3187
2022-06-20 10:29:23,247 INFO basehttp: "POST /admin/app/uniquecode/add/ HTTP/1.1" 302 0
2022-06-20 10:29:23,315 INFO basehttp: "GET /admin/app/uniquecode/add/ HTTP/1.1" 200 8395
2022-06-20 10:29:23,388 INFO basehttp: "GET /admin/jsi18n/ HTTP/1.1" 200 3187
2022-06-20 10:29:26,439 INFO basehttp: "POST /admin/app/uniquecode/add/ HTTP/1.1" 302 0
2022-06-20 10:29:26,543 INFO basehttp: "GET /admin/app/uniquecode/add/ HTTP/1.1" 200 8395
2022-06-20 10:29:26,616 INFO basehttp: "GET /admin/jsi18n/ HTTP/1.1" 200 3187
2022-06-20 10:29:30,333 INFO basehttp: "POST /admin/app/uniquecode/add/ HTTP/1.1" 302 0
2022-06-20 10:29:30,411 INFO basehttp: "GET /admin/app/uniquecode/add/ HTTP/1.1" 200 8395
2022-06-20 10:29:30,476 INFO basehttp: "GET /admin/jsi18n/ HTTP/1.1" 200 3187
2022-06-20 10:29:32,950 INFO basehttp: "POST /admin/app/uniquecode/add/ HTTP/1.1" 302 0
2022-06-20 10:29:33,042 INFO basehttp: "GET /admin/app/uniquecode/add/ HTTP/1.1" 200 8395
2022-06-20 10:29:33,112 INFO basehttp: "GET /admin/jsi18n/ HTTP/1.1" 200 3187
2022-06-20 10:29:36,525 INFO basehttp: "POST /admin/app/uniquecode/add/ HTTP/1.1" 302 0
2022-06-20 10:29:36,604 INFO basehttp: "GET /admin/app/uniquecode/add/ HTTP/1.1" 200 8396
2022-06-20 10:29:36,670 INFO basehttp: "GET /admin/jsi18n/ HTTP/1.1" 200 3187
2022-06-20 10:29:39,651 INFO basehttp: "POST /admin/app/uniquecode/add/ HTTP/1.1" 302 0
2022-06-20 10:29:39,749 INFO basehttp: "GET /admin/app/uniquecode/add/ HTTP/1.1" 200 8396
2022-06-20 10:29:39,842 INFO basehttp: "GET /admin/jsi18n/ HTTP/1.1" 200 3187
2022-06-20 10:29:42,635 INFO basehttp: "POST /admin/app/uniquecode/add/ HTTP/1.1" 302 0
2022-06-20 10:29:42,715 INFO basehttp: "GET /admin/app/uniquecode/add/ HTTP/1.1" 200 8396
2022-06-20 10:29:42,784 INFO basehttp: "GET /static/admin/js/vendor/jquery/jquery.js HTTP/1.1" 304 0
2022-06-20 10:29:42,786 INFO basehttp: "GET /static/admin/js/jquery.init.js HTTP/1.1" 304 0
2022-06-20 10:29:42,791 INFO basehttp: "GET /admin/jsi18n/ HTTP/1.1" 200 3187
2022-06-20 10:29:42,792 INFO basehttp: "GET /static/admin/js/core.js HTTP/1.1" 304 0
2022-06-20 10:29:42,793 INFO basehttp: "GET /static/admin/js/admin/RelatedObjectLookups.js HTTP/1.1" 304 0
2022-06-20 10:29:42,796 INFO basehttp: "GET /static/admin/js/actions.js HTTP/1.1" 304 0
2022-06-20 10:29:42,802 INFO basehttp: "GET /static/admin/js/urlify.js HTTP/1.1" 304 0
2022-06-20 10:29:42,803 INFO basehttp: "GET /static/admin/js/prepopulate.js HTTP/1.1" 304 0
2022-06-20 10:29:42,804 INFO basehttp: "GET /static/admin/js/vendor/xregexp/xregexp.js HTTP/1.1" 304 0
2022-06-20 10:29:42,893 INFO basehttp: "GET /static/admin/img/icon-addlink.svg HTTP/1.1" 304 0
2022-06-20 10:29:42,954 INFO basehttp: "GET /static/admin/fonts/Roboto-Bold-webfont.woff HTTP/1.1" 304 0
2022-06-20 10:29:42,954 INFO basehttp: "GET /static/admin/img/icon-yes.svg HTTP/1.1" 304 0
2022-06-20 10:29:45,902 INFO basehttp: "POST /admin/app/uniquecode/add/ HTTP/1.1" 302 0
2022-06-20 10:29:46,012 INFO basehttp: "GET /admin/app/uniquecode/add/ HTTP/1.1" 200 8396
2022-06-20 10:29:46,097 INFO basehttp: "GET /admin/jsi18n/ HTTP/1.1" 200 3187
2022-06-20 10:29:48,426 INFO basehttp: "POST /admin/app/uniquecode/add/ HTTP/1.1" 302 0
2022-06-20 10:29:48,494 INFO basehttp: "GET /admin/app/uniquecode/add/ HTTP/1.1" 200 8396
2022-06-20 10:29:48,557 INFO basehttp: "GET /admin/jsi18n/ HTTP/1.1" 200 3187
2022-06-20 10:29:50,811 INFO basehttp: "POST /admin/app/uniquecode/add/ HTTP/1.1" 302 0
2022-06-20 10:29:50,902 INFO basehttp: "GET /admin/app/uniquecode/add/ HTTP/1.1" 200 8396
2022-06-20 10:29:50,976 INFO basehttp: "GET /admin/jsi18n/ HTTP/1.1" 200 3187
2022-06-20 10:29:53,870 INFO basehttp: "POST /admin/app/uniquecode/add/ HTTP/1.1" 302 0
2022-06-20 10:29:54,012 INFO basehttp: "GET /admin/app/uniquecode/ HTTP/1.1" 200 15143
2022-06-20 10:29:54,077 INFO basehttp: "GET /static/admin/css/changelists.css HTTP/1.1" 304 0
2022-06-20 10:29:54,081 INFO basehttp: "GET /admin/jsi18n/ HTTP/1.1" 200 3187
2022-06-20 10:29:54,212 INFO basehttp: "GET /static/admin/img/icon-no.svg HTTP/1.1" 304 0
2022-06-20 10:29:54,259 INFO basehttp: "GET /static/admin/img/tooltag-add.svg HTTP/1.1" 304 0
2022-06-20 10:30:06,153 INFO basehttp: "GET /? HTTP/1.1" 200 7256
2022-06-20 10:30:09,197 INFO views: Draw_new with POST
2022-06-20 10:30:09,201 WARNING views: invalid form else => False
2022-06-20 10:30:09,202 WARNING views: invalid form else => <ul class="errorlist"><li>code<ul class="errorlist"><li>Invalid or expired code!</li></ul></li></ul>
2022-06-20 10:30:09,218 INFO basehttp: "POST /draw HTTP/1.1" 200 7416
2022-06-20 10:30:24,157 INFO basehttp: "POST /admin/app/uniquecode/ HTTP/1.1" 302 0
2022-06-20 10:30:24,289 INFO basehttp: "GET /admin/app/uniquecode/ HTTP/1.1" 200 15115
2022-06-20 10:30:24,405 INFO basehttp: "GET /static/admin/css/base.css HTTP/1.1" 304 0
2022-06-20 10:30:24,405 INFO basehttp: "GET /static/admin/css/nav_sidebar.css HTTP/1.1" 304 0
2022-06-20 10:30:24,409 INFO basehttp: "GET /static/admin/css/responsive.css HTTP/1.1" 304 0
2022-06-20 10:30:24,422 INFO basehttp: "GET /admin/jsi18n/ HTTP/1.1" 200 3187
2022-06-20 10:30:24,543 INFO basehttp: "GET /static/admin/css/fonts.css HTTP/1.1" 304 0
2022-06-20 10:30:24,554 INFO basehttp: "GET /static/admin/js/nav_sidebar.js HTTP/1.1" 304 0
2022-06-20 10:30:24,623 INFO basehttp: "GET /static/admin/fonts/Roboto-Light-webfont.woff HTTP/1.1" 304 0
2022-06-20 10:30:24,625 INFO basehttp: "GET /static/admin/img/icon-alert.svg HTTP/1.1" 200 504
2022-06-20 10:30:24,626 INFO basehttp: "GET /static/admin/fonts/Roboto-Regular-webfont.woff HTTP/1.1" 304 0
2022-06-20 10:30:33,327 INFO basehttp: "POST /admin/app/uniquecode/ HTTP/1.1" 200 7979
2022-06-20 10:30:33,471 INFO basehttp: "GET /static/admin/js/cancel.js HTTP/1.1" 200 857
2022-06-20 10:30:38,228 INFO basehttp: "POST /admin/app/uniquecode/ HTTP/1.1" 302 0
2022-06-20 10:30:38,301 INFO basehttp: "GET /admin/app/uniquecode/ HTTP/1.1" 200 6800
2022-06-20 10:30:38,385 INFO basehttp: "GET /admin/jsi18n/ HTTP/1.1" 200 3187
2022-06-20 10:30:42,309 INFO basehttp: "GET /admin/app/prize/ HTTP/1.1" 200 13417
2022-06-20 10:30:42,398 INFO basehttp: "GET /admin/jsi18n/ HTTP/1.1" 200 3187
2022-06-20 10:30:44,633 INFO basehttp: "GET /admin/app/draw/ HTTP/1.1" 200 9753
2022-06-20 10:30:44,759 INFO basehttp: "GET /admin/jsi18n/ HTTP/1.1" 200 3187
2022-06-20 10:30:44,810 INFO basehttp: "GET /static/admin/img/search.svg HTTP/1.1" 304 0
2022-06-20 10:34:04,391 INFO views: Draw_new with POST
2022-06-20 10:34:04,394 ERROR draw: UniqueCode matching query does not exist.
2022-06-20 10:34:04,395 WARNING views: invalid form else => False
2022-06-20 10:34:04,395 WARNING views: invalid form else => <ul class="errorlist"><li>code<ul class="errorlist"><li>Invalid or expired code!</li></ul></li></ul>
2022-06-20 10:34:04,423 ERROR draw: UniqueCode matching query does not exist.
2022-06-20 10:34:04,427 INFO basehttp: "POST /draw HTTP/1.1" 200 7416
2022-06-20 12:15:25,030 INFO autoreload: Watching for file changes with StatReloader
2022-06-20 12:15:31,296 INFO basehttp: "GET / HTTP/1.1" 200 7256
